<?xml version="1.0" encoding="UTF-8"?>
<!-- Generated by org.testng.reporters.JUnitReportReporter -->
<testsuite hostname="DESKTOP-6SOFM8M" failures="0" tests="4" name="testCases.TC002_loginDDT" time="5.871" errors="0" timestamp="2025-08-01T10:41:50 WIB" skipped="0">
  <testcase classname="testCases.TC002_loginDDT" name="login" time="1.338"/>
  <testcase classname="testCases.TC002_loginDDT" name="login" time="1.546"/>
  <testcase classname="testCases.TC002_loginDDT" name="login" time="1.522"/>
  <testcase classname="testCases.TC002_loginDDT" name="login" time="1.465"/>
</testsuite> <!-- testCases.TC002_loginDDT -->
