<?xml version="1.0" encoding="UTF-8"?>
<!-- Generated by org.testng.reporters.JUnitReportReporter -->
<testsuite hostname="DESKTOP-6SOFM8M" failures="0" tests="1" name="testCases.TC004_billPayment" time="5.139" errors="0" timestamp="2025-08-04T13:59:15 WIB" skipped="0">
  <testcase classname="testCases.TC004_billPayment" name="billPayment" time="5.139"/>
</testsuite> <!-- testCases.TC004_billPayment -->
