<?xml version="1.0" encoding="UTF-8"?>
<!-- Generated by org.testng.reporters.JUnitReportReporter -->
<testsuite hostname="DESKTOP-6SOFM8M" failures="0" tests="1" name="testCases.TC003_login" time="4.115" errors="0" timestamp="2025-08-04T14:22:27 WIB" skipped="0">
  <testcase classname="testCases.TC003_login" name="login" time="4.115"/>
</testsuite> <!-- testCases.TC003_login -->
