<?xml version="1.0" encoding="UTF-8"?>
<!-- Generated by org.testng.reporters.JUnitReportReporter -->
<testsuite hostname="DESKTOP-6SOFM8M" failures="0" tests="1" name="testCases.TC001_accountRegistration" time="1.537" errors="0" timestamp="2025-08-04T18:02:33 WIB" skipped="0">
  <testcase classname="testCases.TC001_accountRegistration" name="accRegistration" time="1.537"/>
</testsuite> <!-- testCases.TC001_accountRegistration -->
